<?xml version="1.0" encoding="UTF-8"?>
<!-- Generated by org.testng.reporters.JUnitReportReporter -->
<testsuite hostname="D-E-V-E-N" failures="0" tests="10" name="com.selenium.capstone.apiTesting" time="12.903" errors="0" timestamp="2025-08-29T00:49:13 IST" skipped="0">
  <testcase classname="com.selenium.capstone.apiTesting" name="AddNewUser" time="4.318"/>
  <system-out/>
  <testcase classname="com.selenium.capstone.apiTesting" name="GetUserProfile" time="0.949"/>
  <system-out/>
  <testcase classname="com.selenium.capstone.apiTesting" name="UpdateUser" time="0.958"/>
  <system-out/>
  <testcase classname="com.selenium.capstone.apiTesting" name="LoginUser" time="0.978"/>
  <system-out/>
  <testcase classname="com.selenium.capstone.apiTesting" name="AddContact" time="0.932"/>
  <system-out/>
  <testcase classname="com.selenium.capstone.apiTesting" name="GetContactList" time="0.923"/>
  <system-out/>
  <testcase classname="com.selenium.capstone.apiTesting" name="GetContact" time="1.025"/>
  <system-out/>
  <testcase classname="com.selenium.capstone.apiTesting" name="UpdateContact" time="0.947"/>
  <system-out/>
  <testcase classname="com.selenium.capstone.apiTesting" name="UpdateContact1" time="0.961"/>
  <system-out/>
  <testcase classname="com.selenium.capstone.apiTesting" name="LogoutUser" time="0.912"/>
  <system-out/>
</testsuite> <!-- com.selenium.capstone.apiTesting -->
